<?xml version="1.0" encoding="UTF-8"?>
<coverage generated="1643813587738" clover="3.2.0">
  <project timestamp="1643813587738" name="All files">
    <metrics statements="13" coveredstatements="8" conditionals="6" coveredconditionals="2" methods="7" coveredmethods="6" elements="26" coveredelements="16" complexity="0" loc="13" ncloc="13" packages="1" files="4" classes="4"/>
    <file name="Content.tsx" path="/home/nicolas/www/Ignite/Ignite-ReactJs/challenges/otimizando-a-aplicacao/src/components/Content.tsx">
      <metrics statements="2" coveredstatements="2" conditionals="0" coveredconditionals="0" methods="2" coveredmethods="2"/>
      <line num="23" count="1" type="stmt"/>
      <line num="37" count="1" type="stmt"/>
    </file>
    <file name="Icon.tsx" path="/home/nicolas/www/Ignite/Ignite-ReactJs/challenges/otimizando-a-aplicacao/src/components/Icon.tsx">
      <metrics statements="7" coveredstatements="3" conditionals="6" coveredconditionals="2" methods="1" coveredmethods="1"/>
      <line num="9" count="3" type="cond" truecount="2" falsecount="4"/>
      <line num="11" count="1" type="stmt"/>
      <line num="27" count="2" type="stmt"/>
      <line num="43" count="0" type="stmt"/>
      <line num="59" count="0" type="stmt"/>
      <line num="75" count="0" type="stmt"/>
      <line num="90" count="0" type="stmt"/>
    </file>
    <file name="MovieCard.tsx" path="/home/nicolas/www/Ignite/Ignite-ReactJs/challenges/otimizando-a-aplicacao/src/components/MovieCard.tsx">
      <metrics statements="1" coveredstatements="1" conditionals="0" coveredconditionals="0" methods="1" coveredmethods="1"/>
      <line num="13" count="2" type="stmt"/>
    </file>
    <file name="SideBar.tsx" path="/home/nicolas/www/Ignite/Ignite-ReactJs/challenges/otimizando-a-aplicacao/src/components/SideBar.tsx">
      <metrics statements="3" coveredstatements="2" conditionals="0" coveredconditionals="0" methods="3" coveredmethods="2"/>
      <line num="18" count="1" type="stmt"/>
      <line num="26" count="2" type="stmt"/>
      <line num="30" count="0" type="stmt"/>
    </file>
  </project>
</coverage>
