<?xml version="1.0" encoding="UTF-8"?>
<coverage generated="1643808106560" clover="3.2.0">
  <project timestamp="1643808106560" name="All files">
    <metrics statements="8" coveredstatements="3" conditionals="10" coveredconditionals="4" methods="2" coveredmethods="2" elements="20" coveredelements="9" complexity="0" loc="8" ncloc="8" packages="1" files="2" classes="2"/>
    <file name="Button.tsx" path="/home/nicolas/www/Ignite/Ignite-ReactJs/challenges/otimizando-a-aplicacao/src/components/Button.tsx">
      <metrics statements="1" coveredstatements="1" conditionals="4" coveredconditionals="3" methods="1" coveredmethods="1"/>
      <line num="13" count="1" type="stmt"/>
    </file>
    <file name="Icon.tsx" path="/home/nicolas/www/Ignite/Ignite-ReactJs/challenges/otimizando-a-aplicacao/src/components/Icon.tsx">
      <metrics statements="7" coveredstatements="2" conditionals="6" coveredconditionals="1" methods="1" coveredmethods="1"/>
      <line num="10" count="1" type="cond" truecount="1" falsecount="5"/>
      <line num="12" count="0" type="stmt"/>
      <line num="19" count="1" type="stmt"/>
      <line num="26" count="0" type="stmt"/>
      <line num="33" count="0" type="stmt"/>
      <line num="40" count="0" type="stmt"/>
      <line num="46" count="0" type="stmt"/>
    </file>
  </project>
</coverage>
