{"/home/nicolas/www/Ignite/Ignite-ReactJs/challenges/otimizando-a-aplicacao/src/components/Button.tsx": {"path":"/home/nicolas/www/Ignite/Ignite-ReactJs/challenges/otimizando-a-aplicacao/src/components/Button.tsx","statementMap":{"0":{"start":{"line":13,"column":2},"end":{"line":18,"column":4}}},"fnMap":{"0":{"name":"Button","decl":{"start":{"line":12,"column":16},"end":{"line":12,"column":22}},"loc":{"start":{"line":12,"column":76},"end":{"line":19,"column":1}},"line":12}},"branchMap":{"0":{"loc":{"start":{"line":14,"column":31},"end":{"line":14,"column":68}},"type":"binary-expr","locations":[{"start":{"line":14,"column":31},"end":{"line":14,"column":39}},{"start":{"line":14,"column":43},"end":{"line":14,"column":68}}],"line":14},"1":{"loc":{"start":{"line":15,"column":35},"end":{"line":15,"column":67}},"type":"cond-expr","locations":[{"start":{"line":15,"column":46},"end":{"line":15,"column":55}},{"start":{"line":15,"column":58},"end":{"line":15,"column":67}}],"line":15}},"s":{"0":1},"f":{"0":1},"b":{"0":[1,1],"1":[1,0]},"_coverageSchema":"1a1c01bbd47fc00a2c39e90264f33305004495a9","hash":"6158fe8188d8bb4d43c2c74ba64927623184ff34"}
,"/home/nicolas/www/Ignite/Ignite-ReactJs/challenges/otimizando-a-aplicacao/src/components/Icon.tsx": {"path":"/home/nicolas/www/Ignite/Ignite-ReactJs/challenges/otimizando-a-aplicacao/src/components/Icon.tsx","statementMap":{"0":{"start":{"line":10,"column":2},"end":{"line":51,"column":3}},"1":{"start":{"line":12,"column":6},"end":{"line":16,"column":8}},"2":{"start":{"line":19,"column":6},"end":{"line":23,"column":8}},"3":{"start":{"line":26,"column":6},"end":{"line":30,"column":8}},"4":{"start":{"line":33,"column":6},"end":{"line":37,"column":8}},"5":{"start":{"line":40,"column":6},"end":{"line":44,"column":8}},"6":{"start":{"line":46,"column":6},"end":{"line":50,"column":8}}},"fnMap":{"0":{"name":"Icon","decl":{"start":{"line":8,"column":16},"end":{"line":8,"column":20}},"loc":{"start":{"line":8,"column":39},"end":{"line":52,"column":1}},"line":8}},"branchMap":{"0":{"loc":{"start":{"line":10,"column":2},"end":{"line":51,"column":3}},"type":"switch","locations":[{"start":{"line":11,"column":4},"end":{"line":16,"column":8}},{"start":{"line":18,"column":4},"end":{"line":23,"column":8}},{"start":{"line":25,"column":4},"end":{"line":30,"column":8}},{"start":{"line":32,"column":4},"end":{"line":37,"column":8}},{"start":{"line":39,"column":4},"end":{"line":44,"column":8}},{"start":{"line":45,"column":4},"end":{"line":50,"column":8}}],"line":10}},"s":{"0":1,"1":0,"2":1,"3":0,"4":0,"5":0,"6":0},"f":{"0":1},"b":{"0":[0,1,0,0,0,0]},"_coverageSchema":"1a1c01bbd47fc00a2c39e90264f33305004495a9","hash":"93db791ac4417a20a7730ec0b6b1ca3f553e295c"}
}
