{"/home/nicolas/www/Ignite/Ignite-ReactJs/challenges/otimizando-a-aplicacao/src/components/Content.tsx": {"path":"/home/nicolas/www/Ignite/Ignite-ReactJs/challenges/otimizando-a-aplicacao/src/components/Content.tsx","statementMap":{"0":{"start":{"line":23,"column":2},"end":{"line":49,"column":4}},"1":{"start":{"line":37,"column":14},"end":{"line":43,"column":16}}},"fnMap":{"0":{"name":"Content","decl":{"start":{"line":22,"column":16},"end":{"line":22,"column":23}},"loc":{"start":{"line":22,"column":65},"end":{"line":50,"column":1}},"line":22},"1":{"name":"(anonymous_1)","decl":{"start":{"line":36,"column":24},"end":{"line":36,"column":25}},"loc":{"start":{"line":37,"column":14},"end":{"line":43,"column":16}},"line":37}},"branchMap":{},"s":{"0":1,"1":1},"f":{"0":1,"1":1},"b":{},"_coverageSchema":"1a1c01bbd47fc00a2c39e90264f33305004495a9","hash":"46cf1f76efb6bec169921838b6bf82729d8ad70f"}
,"/home/nicolas/www/Ignite/Ignite-ReactJs/challenges/otimizando-a-aplicacao/src/components/Icon.tsx": {"path":"/home/nicolas/www/Ignite/Ignite-ReactJs/challenges/otimizando-a-aplicacao/src/components/Icon.tsx","statementMap":{"0":{"start":{"line":9,"column":2},"end":{"line":104,"column":3}},"1":{"start":{"line":11,"column":6},"end":{"line":24,"column":8}},"2":{"start":{"line":27,"column":6},"end":{"line":40,"column":8}},"3":{"start":{"line":43,"column":6},"end":{"line":56,"column":8}},"4":{"start":{"line":59,"column":6},"end":{"line":72,"column":8}},"5":{"start":{"line":75,"column":6},"end":{"line":88,"column":8}},"6":{"start":{"line":90,"column":6},"end":{"line":103,"column":8}}},"fnMap":{"0":{"name":"Icon","decl":{"start":{"line":8,"column":16},"end":{"line":8,"column":20}},"loc":{"start":{"line":8,"column":39},"end":{"line":105,"column":1}},"line":8}},"branchMap":{"0":{"loc":{"start":{"line":9,"column":2},"end":{"line":104,"column":3}},"type":"switch","locations":[{"start":{"line":10,"column":4},"end":{"line":24,"column":8}},{"start":{"line":26,"column":4},"end":{"line":40,"column":8}},{"start":{"line":42,"column":4},"end":{"line":56,"column":8}},{"start":{"line":58,"column":4},"end":{"line":72,"column":8}},{"start":{"line":74,"column":4},"end":{"line":88,"column":8}},{"start":{"line":89,"column":4},"end":{"line":103,"column":8}}],"line":9}},"s":{"0":3,"1":1,"2":2,"3":0,"4":0,"5":0,"6":0},"f":{"0":3},"b":{"0":[1,2,0,0,0,0]},"_coverageSchema":"1a1c01bbd47fc00a2c39e90264f33305004495a9","hash":"6fd1966c577e5972a729b583d46a3c454584fd39"}
,"/home/nicolas/www/Ignite/Ignite-ReactJs/challenges/otimizando-a-aplicacao/src/components/MovieCard.tsx": {"path":"/home/nicolas/www/Ignite/Ignite-ReactJs/challenges/otimizando-a-aplicacao/src/components/MovieCard.tsx","statementMap":{"0":{"start":{"line":13,"column":2},"end":{"line":35,"column":3}}},"fnMap":{"0":{"name":"MovieCard","decl":{"start":{"line":12,"column":16},"end":{"line":12,"column":25}},"loc":{"start":{"line":12,"column":49},"end":{"line":36,"column":1}},"line":12}},"branchMap":{},"s":{"0":2},"f":{"0":2},"b":{},"_coverageSchema":"1a1c01bbd47fc00a2c39e90264f33305004495a9","hash":"f0b02c05e8cc633633da79e6cec7c177dee0ef1a"}
,"/home/nicolas/www/Ignite/Ignite-ReactJs/challenges/otimizando-a-aplicacao/src/components/SideBar.tsx": {"path":"/home/nicolas/www/Ignite/Ignite-ReactJs/challenges/otimizando-a-aplicacao/src/components/SideBar.tsx","statementMap":{"0":{"start":{"line":18,"column":2},"end":{"line":36,"column":4}},"1":{"start":{"line":26,"column":10},"end":{"line":32,"column":12}},"2":{"start":{"line":30,"column":27},"end":{"line":30,"column":56}}},"fnMap":{"0":{"name":"SideBar","decl":{"start":{"line":13,"column":16},"end":{"line":13,"column":23}},"loc":{"start":{"line":17,"column":17},"end":{"line":37,"column":1}},"line":17},"1":{"name":"(anonymous_1)","decl":{"start":{"line":25,"column":20},"end":{"line":25,"column":21}},"loc":{"start":{"line":26,"column":10},"end":{"line":32,"column":12}},"line":26},"2":{"name":"(anonymous_2)","decl":{"start":{"line":30,"column":21},"end":{"line":30,"column":22}},"loc":{"start":{"line":30,"column":27},"end":{"line":30,"column":56}},"line":30}},"branchMap":{},"s":{"0":1,"1":2,"2":0},"f":{"0":1,"1":2,"2":0},"b":{},"_coverageSchema":"1a1c01bbd47fc00a2c39e90264f33305004495a9","hash":"cb0d4172b84d011bde78513302d1b0e8d2f9cf9d"}
}
