TN:
SF:src/components/Content.tsx
FN:22,Content
FN:36,(anonymous_1)
FNF:2
FNH:2
FNDA:1,Content
FNDA:1,(anonymous_1)
DA:23,1
DA:37,1
LF:2
LH:2
BRF:0
BRH:0
end_of_record
TN:
SF:src/components/Icon.tsx
FN:8,Icon
FNF:1
FNH:1
FNDA:3,Icon
DA:9,3
DA:11,1
DA:27,2
DA:43,0
DA:59,0
DA:75,0
DA:90,0
LF:7
LH:3
BRDA:9,0,0,1
BRDA:9,0,1,2
BRDA:9,0,2,0
BRDA:9,0,3,0
BRDA:9,0,4,0
BRDA:9,0,5,0
BRF:6
BRH:2
end_of_record
TN:
SF:src/components/MovieCard.tsx
FN:12,MovieCard
FNF:1
FNH:1
FNDA:2,MovieCard
DA:13,2
LF:1
LH:1
BRF:0
BRH:0
end_of_record
TN:
SF:src/components/SideBar.tsx
FN:13,SideBar
FN:25,(anonymous_1)
FN:30,(anonymous_2)
FNF:3
FNH:2
FNDA:1,SideBar
FNDA:2,(anonymous_1)
FNDA:0,(anonymous_2)
DA:18,1
DA:26,2
DA:30,0
LF:3
LH:2
BRF:0
BRH:0
end_of_record
